This is pdfTeX, Version 3.1415926-2.3-1.40.12 (TeX Live 2011) (format=latex 2012.2.11)  14 NOV 2012 18:43
entering extended mode
 \write18 enabled.
 file:line:error style messages enabled.
 %&-line parsing enabled.
**20121112geomanalytique2.tex
(/Users/fred/depotsGithub/G3DM64/./20121112geomanalytique2.tex
LaTeX2e <2011/06/27>
Babel <v3.8m> and hyphenation patterns for english, dumylang, nohyphenation, ge
rman-x-2011-07-01, ngerman-x-2011-07-01, afrikaans, ancientgreek, ibycus, arabi
c, armenian, basque, bulgarian, catalan, pinyin, coptic, croatian, czech, danis
h, dutch, ukenglish, usenglishmax, esperanto, estonian, ethiopic, farsi, finnis
h, french, galician, german, ngerman, swissgerman, monogreek, greek, hungarian,
 icelandic, assamese, bengali, gujarati, hindi, kannada, malayalam, marathi, or
iya, panjabi, tamil, telugu, indonesian, interlingua, irish, italian, kurmanji,
 lao, latin, latvian, lithuanian, mongolian, mongolianlmc, bokmal, nynorsk, pol
ish, portuguese, romanian, russian, sanskrit, serbian, serbianc, slovak, sloven
ian, spanish, swedish, turkish, turkmen, ukrainian, uppersorbian, welsh, loaded
.
(/usr/local/texlive/2011/texmf-dist/tex/latex/base/article.cls
Document Class: article 2007/10/19 v1.4h Standard LaTeX document class
(/usr/local/texlive/2011/texmf-dist/tex/latex/base/size12.clo
File: size12.clo 2007/10/19 v1.4h Standard LaTeX file (size option)
)
\c@part=\count79
\c@section=\count80
\c@subsection=\count81
\c@subsubsection=\count82
\c@paragraph=\count83
\c@subparagraph=\count84
\c@figure=\count85
\c@table=\count86
\abovecaptionskip=\skip41
\belowcaptionskip=\skip42
\bibindent=\dimen102
)
(/usr/local/texlive/2011/texmf-dist/tex/latex/base/inputenc.sty
Package: inputenc 2008/03/30 v1.1d Input encoding file
\inpenc@prehook=\toks14
\inpenc@posthook=\toks15

(/usr/local/texlive/2011/texmf-dist/tex/latex/base/latin1.def
File: latin1.def 2008/03/30 v1.1d Input encoding file
))
(/usr/local/texlive/2011/texmf-dist/tex/latex/fourier/fourier.sty
Package: fourier 2005/01/01 1.4 fourier-GUTenberg package

(/usr/local/texlive/2011/texmf-dist/tex/latex/base/fontenc.sty
Package: fontenc 2005/09/27 v1.99g Standard LaTeX package

(/usr/local/texlive/2011/texmf-dist/tex/latex/base/t1enc.def
File: t1enc.def 2005/09/27 v1.99g Standard LaTeX file
LaTeX Font Info:    Redeclaring font encoding T1 on input line 43.
))
(/usr/local/texlive/2011/texmf-dist/tex/latex/base/textcomp.sty
Package: textcomp 2005/09/27 v1.99g Standard LaTeX package
Package textcomp Info: Sub-encoding information:
(textcomp)               5 = only ISO-Adobe without \textcurrency
(textcomp)               4 = 5 + \texteuro
(textcomp)               3 = 4 + \textohm
(textcomp)               2 = 3 + \textestimated + \textcurrency
(textcomp)               1 = TS1 - \textcircled - \t
(textcomp)               0 = TS1 (full)
(textcomp)             Font families with sub-encoding setting implement
(textcomp)             only a restricted character set as indicated.
(textcomp)             Family '?' is the default used for unknown fonts.
(textcomp)             See the documentation for details.
Package textcomp Info: Setting ? sub-encoding to TS1/1 on input line 71.

(/usr/local/texlive/2011/texmf-dist/tex/latex/base/ts1enc.def
File: ts1enc.def 2001/06/05 v3.0e (jk/car/fm) Standard LaTeX file
)
LaTeX Info: Redefining \oldstylenums on input line 266.
Package textcomp Info: Setting cmr sub-encoding to TS1/0 on input line 281.
Package textcomp Info: Setting cmss sub-encoding to TS1/0 on input line 282.
Package textcomp Info: Setting cmtt sub-encoding to TS1/0 on input line 283.
Package textcomp Info: Setting cmvtt sub-encoding to TS1/0 on input line 284.
Package textcomp Info: Setting cmbr sub-encoding to TS1/0 on input line 285.
Package textcomp Info: Setting cmtl sub-encoding to TS1/0 on input line 286.
Package textcomp Info: Setting ccr sub-encoding to TS1/0 on input line 287.
Package textcomp Info: Setting ptm sub-encoding to TS1/4 on input line 288.
Package textcomp Info: Setting pcr sub-encoding to TS1/4 on input line 289.
Package textcomp Info: Setting phv sub-encoding to TS1/4 on input line 290.
Package textcomp Info: Setting ppl sub-encoding to TS1/3 on input line 291.
Package textcomp Info: Setting pag sub-encoding to TS1/4 on input line 292.
Package textcomp Info: Setting pbk sub-encoding to TS1/4 on input line 293.
Package textcomp Info: Setting pnc sub-encoding to TS1/4 on input line 294.
Package textcomp Info: Setting pzc sub-encoding to TS1/4 on input line 295.
Package textcomp Info: Setting bch sub-encoding to TS1/4 on input line 296.
Package textcomp Info: Setting put sub-encoding to TS1/5 on input line 297.
Package textcomp Info: Setting uag sub-encoding to TS1/5 on input line 298.
Package textcomp Info: Setting ugq sub-encoding to TS1/5 on input line 299.
Package textcomp Info: Setting ul8 sub-encoding to TS1/4 on input line 300.
Package textcomp Info: Setting ul9 sub-encoding to TS1/4 on input line 301.
Package textcomp Info: Setting augie sub-encoding to TS1/5 on input line 302.
Package textcomp Info: Setting dayrom sub-encoding to TS1/3 on input line 303.
Package textcomp Info: Setting dayroms sub-encoding to TS1/3 on input line 304.

Package textcomp Info: Setting pxr sub-encoding to TS1/0 on input line 305.
Package textcomp Info: Setting pxss sub-encoding to TS1/0 on input line 306.
Package textcomp Info: Setting pxtt sub-encoding to TS1/0 on input line 307.
Package textcomp Info: Setting txr sub-encoding to TS1/0 on input line 308.
Package textcomp Info: Setting txss sub-encoding to TS1/0 on input line 309.
Package textcomp Info: Setting txtt sub-encoding to TS1/0 on input line 310.
Package textcomp Info: Setting lmr sub-encoding to TS1/0 on input line 311.
Package textcomp Info: Setting lmdh sub-encoding to TS1/0 on input line 312.
Package textcomp Info: Setting lmss sub-encoding to TS1/0 on input line 313.
Package textcomp Info: Setting lmssq sub-encoding to TS1/0 on input line 314.
Package textcomp Info: Setting lmvtt sub-encoding to TS1/0 on input line 315.
Package textcomp Info: Setting qhv sub-encoding to TS1/0 on input line 316.
Package textcomp Info: Setting qag sub-encoding to TS1/0 on input line 317.
Package textcomp Info: Setting qbk sub-encoding to TS1/0 on input line 318.
Package textcomp Info: Setting qcr sub-encoding to TS1/0 on input line 319.
Package textcomp Info: Setting qcs sub-encoding to TS1/0 on input line 320.
Package textcomp Info: Setting qpl sub-encoding to TS1/0 on input line 321.
Package textcomp Info: Setting qtm sub-encoding to TS1/0 on input line 322.
Package textcomp Info: Setting qzc sub-encoding to TS1/0 on input line 323.
Package textcomp Info: Setting qhvc sub-encoding to TS1/0 on input line 324.
Package textcomp Info: Setting futs sub-encoding to TS1/4 on input line 325.
Package textcomp Info: Setting futx sub-encoding to TS1/4 on input line 326.
Package textcomp Info: Setting futj sub-encoding to TS1/4 on input line 327.
Package textcomp Info: Setting hlh sub-encoding to TS1/3 on input line 328.
Package textcomp Info: Setting hls sub-encoding to TS1/3 on input line 329.
Package textcomp Info: Setting hlst sub-encoding to TS1/3 on input line 330.
Package textcomp Info: Setting hlct sub-encoding to TS1/5 on input line 331.
Package textcomp Info: Setting hlx sub-encoding to TS1/5 on input line 332.
Package textcomp Info: Setting hlce sub-encoding to TS1/5 on input line 333.
Package textcomp Info: Setting hlcn sub-encoding to TS1/5 on input line 334.
Package textcomp Info: Setting hlcw sub-encoding to TS1/5 on input line 335.
Package textcomp Info: Setting hlcf sub-encoding to TS1/5 on input line 336.
Package textcomp Info: Setting pplx sub-encoding to TS1/3 on input line 337.
Package textcomp Info: Setting pplj sub-encoding to TS1/3 on input line 338.
Package textcomp Info: Setting ptmx sub-encoding to TS1/4 on input line 339.
Package textcomp Info: Setting ptmj sub-encoding to TS1/4 on input line 340.
)
(/usr/local/texlive/2011/texmf-dist/tex/latex/fourier/fourier-orns.sty
Package: fourier-orns 2004/01/30 1.1 fourier-ornaments package
)
LaTeX Font Info:    Redeclaring symbol font `operators' on input line 50.
LaTeX Font Info:    Encoding `OT1' has changed to `T1' for symbol font
(Font)              `operators' in the math version `normal' on input line 50.
LaTeX Font Info:    Overwriting symbol font `operators' in version `normal'
(Font)                  OT1/cmr/m/n --> T1/futs/m/n on input line 50.
LaTeX Font Info:    Encoding `OT1' has changed to `T1' for symbol font
(Font)              `operators' in the math version `bold' on input line 50.
LaTeX Font Info:    Overwriting symbol font `operators' in version `bold'
(Font)                  OT1/cmr/bx/n --> T1/futs/m/n on input line 50.
LaTeX Font Info:    Overwriting symbol font `operators' in version `bold'
(Font)                  T1/futs/m/n --> T1/futs/b/n on input line 51.
LaTeX Font Info:    Redeclaring symbol font `letters' on input line 59.
LaTeX Font Info:    Encoding `OML' has changed to `FML' for symbol font
(Font)              `letters' in the math version `normal' on input line 59.
LaTeX Font Info:    Overwriting symbol font `letters' in version `normal'
(Font)                  OML/cmm/m/it --> FML/futmi/m/it on input line 59.
LaTeX Font Info:    Encoding `OML' has changed to `FML' for symbol font
(Font)              `letters' in the math version `bold' on input line 59.
LaTeX Font Info:    Overwriting symbol font `letters' in version `bold'
(Font)                  OML/cmm/b/it --> FML/futmi/m/it on input line 59.
\symotherletters=\mathgroup4
LaTeX Font Info:    Overwriting symbol font `letters' in version `bold'
(Font)                  FML/futmi/m/it --> FML/futmi/b/it on input line 61.
LaTeX Font Info:    Overwriting symbol font `otherletters' in version `bold'
(Font)                  FML/futm/m/it --> FML/futm/b/it on input line 62.
LaTeX Font Info:    Redeclaring math symbol \Gamma on input line 63.
LaTeX Font Info:    Redeclaring math symbol \Delta on input line 64.
LaTeX Font Info:    Redeclaring math symbol \Theta on input line 65.
LaTeX Font Info:    Redeclaring math symbol \Lambda on input line 66.
LaTeX Font Info:    Redeclaring math symbol \Xi on input line 67.
LaTeX Font Info:    Redeclaring math symbol \Pi on input line 68.
LaTeX Font Info:    Redeclaring math symbol \Sigma on input line 69.
LaTeX Font Info:    Redeclaring math symbol \Upsilon on input line 70.
LaTeX Font Info:    Redeclaring math symbol \Phi on input line 71.
LaTeX Font Info:    Redeclaring math symbol \Psi on input line 72.
LaTeX Font Info:    Redeclaring math symbol \Omega on input line 73.
LaTeX Font Info:    Redeclaring symbol font `symbols' on input line 113.
LaTeX Font Info:    Encoding `OMS' has changed to `FMS' for symbol font
(Font)              `symbols' in the math version `normal' on input line 113.
LaTeX Font Info:    Overwriting symbol font `symbols' in version `normal'
(Font)                  OMS/cmsy/m/n --> FMS/futm/m/n on input line 113.
LaTeX Font Info:    Encoding `OMS' has changed to `FMS' for symbol font
(Font)              `symbols' in the math version `bold' on input line 113.
LaTeX Font Info:    Overwriting symbol font `symbols' in version `bold'
(Font)                  OMS/cmsy/b/n --> FMS/futm/m/n on input line 113.
LaTeX Font Info:    Redeclaring symbol font `largesymbols' on input line 114.
LaTeX Font Info:    Encoding `OMX' has changed to `FMX' for symbol font
(Font)              `largesymbols' in the math version `normal' on input line 1
14.
LaTeX Font Info:    Overwriting symbol font `largesymbols' in version `normal'
(Font)                  OMX/cmex/m/n --> FMX/futm/m/n on input line 114.
LaTeX Font Info:    Encoding `OMX' has changed to `FMX' for symbol font
(Font)              `largesymbols' in the math version `bold' on input line 114
.
LaTeX Font Info:    Overwriting symbol font `largesymbols' in version `bold'
(Font)                  OMX/cmex/m/n --> FMX/futm/m/n on input line 114.
LaTeX Font Info:    Redeclaring math alphabet \mathbf on input line 115.
LaTeX Font Info:    Overwriting math alphabet `\mathbf' in version `normal'
(Font)                  OT1/cmr/bx/n --> T1/futs/bx/n on input line 115.
LaTeX Font Info:    Overwriting math alphabet `\mathbf' in version `bold'
(Font)                  OT1/cmr/bx/n --> T1/futs/bx/n on input line 115.
LaTeX Font Info:    Redeclaring math alphabet \mathrm on input line 116.
LaTeX Font Info:    Redeclaring math alphabet \mathit on input line 117.
LaTeX Font Info:    Overwriting math alphabet `\mathit' in version `normal'
(Font)                  OT1/cmr/m/it --> T1/futs/m/it on input line 117.
LaTeX Font Info:    Overwriting math alphabet `\mathit' in version `bold'
(Font)                  OT1/cmr/bx/it --> T1/futs/m/it on input line 117.
LaTeX Font Info:    Redeclaring math alphabet \mathcal on input line 118.
LaTeX Font Info:    Redeclaring math symbol \parallel on input line 134.
LaTeX Font Info:    Redeclaring math symbol \hbar on input line 148.
LaTeX Font Info:    Redeclaring math symbol \varkappa on input line 186.
LaTeX Font Info:    Redeclaring math symbol \varvarrho on input line 187.
LaTeX Font Info:    Redeclaring math delimiter \Vert on input line 210.
LaTeX Font Info:    Redeclaring math delimiter \vert on input line 215.
LaTeX Font Info:    Redeclaring math delimiter \Downarrow on input line 225.
LaTeX Font Info:    Redeclaring math delimiter \backslash on input line 227.
LaTeX Font Info:    Redeclaring math delimiter \rangle on input line 229.
LaTeX Font Info:    Redeclaring math delimiter \langle on input line 231.
LaTeX Font Info:    Redeclaring math delimiter \rbrace on input line 233.
LaTeX Font Info:    Redeclaring math delimiter \lbrace on input line 235.
LaTeX Font Info:    Redeclaring math delimiter \rceil on input line 237.
LaTeX Font Info:    Redeclaring math delimiter \lceil on input line 239.
LaTeX Font Info:    Redeclaring math delimiter \rfloor on input line 241.
LaTeX Font Info:    Redeclaring math delimiter \lfloor on input line 243.
LaTeX Font Info:    Redeclaring math accent \acute on input line 247.
LaTeX Font Info:    Redeclaring math accent \grave on input line 248.
LaTeX Font Info:    Redeclaring math accent \ddot on input line 249.
LaTeX Font Info:    Redeclaring math accent \tilde on input line 250.
LaTeX Font Info:    Redeclaring math accent \bar on input line 251.
LaTeX Font Info:    Redeclaring math accent \breve on input line 252.
LaTeX Font Info:    Redeclaring math accent \check on input line 253.
LaTeX Font Info:    Redeclaring math accent \hat on input line 254.
LaTeX Font Info:    Redeclaring math accent \dot on input line 255.
LaTeX Font Info:    Redeclaring math accent \mathring on input line 256.
\symUfutm=\mathgroup5
)
(/usr/local/texlive/2011/texmf-dist/tex/latex/psnfss/helvet.sty
Package: helvet 2005/04/12 PSNFSS-v9.2a (WaS) 

(/usr/local/texlive/2011/texmf-dist/tex/latex/graphics/keyval.sty
Package: keyval 1999/03/16 v1.13 key=value parser (DPC)
\KV@toks@=\toks16
))
(/usr/local/texlive/2011/texmf-dist/tex/latex/amsmath/amsmath.sty
Package: amsmath 2000/07/18 v2.13 AMS math features
\@mathmargin=\skip43

For additional information on amsmath, use the `?' option.
(/usr/local/texlive/2011/texmf-dist/tex/latex/amsmath/amstext.sty
Package: amstext 2000/06/29 v2.01

(/usr/local/texlive/2011/texmf-dist/tex/latex/amsmath/amsgen.sty
File: amsgen.sty 1999/11/30 v2.0
\@emptytoks=\toks17
\ex@=\dimen103
))
(/usr/local/texlive/2011/texmf-dist/tex/latex/amsmath/amsbsy.sty
Package: amsbsy 1999/11/29 v1.2d
\pmbraise@=\dimen104
)
(/usr/local/texlive/2011/texmf-dist/tex/latex/amsmath/amsopn.sty
Package: amsopn 1999/12/14 v2.01 operator names
)
\inf@bad=\count87
LaTeX Info: Redefining \frac on input line 211.
\uproot@=\count88
\leftroot@=\count89
LaTeX Info: Redefining \overline on input line 307.
\classnum@=\count90
\DOTSCASE@=\count91
LaTeX Info: Redefining \ldots on input line 379.
LaTeX Info: Redefining \dots on input line 382.
LaTeX Info: Redefining \cdots on input line 467.
\Mathstrutbox@=\box26
\strutbox@=\box27
\big@size=\dimen105
LaTeX Font Info:    Redeclaring font encoding OML on input line 567.
LaTeX Font Info:    Redeclaring font encoding OMS on input line 568.
\macc@depth=\count92
\c@MaxMatrixCols=\count93
\dotsspace@=\muskip10
\c@parentequation=\count94
\dspbrk@lvl=\count95
\tag@help=\toks18
\row@=\count96
\column@=\count97
\maxfields@=\count98
\andhelp@=\toks19
\eqnshift@=\dimen106
\alignsep@=\dimen107
\tagshift@=\dimen108
\tagwidth@=\dimen109
\totwidth@=\dimen110
\lineht@=\dimen111
\@envbody=\toks20
\multlinegap=\skip44
\multlinetaggap=\skip45
\mathdisplay@stack=\toks21
LaTeX Info: Redefining \[ on input line 2666.
LaTeX Info: Redefining \] on input line 2667.
)
(/usr/local/texlive/2011/texmf-dist/tex/latex/amsfonts/amssymb.sty
Package: amssymb 2009/06/22 v3.00

(/usr/local/texlive/2011/texmf-dist/tex/latex/amsfonts/amsfonts.sty
Package: amsfonts 2009/06/22 v3.00 Basic AMSFonts support
\symAMSa=\mathgroup6
\symAMSb=\mathgroup7
LaTeX Font Info:    Overwriting math alphabet `\mathfrak' in version `bold'
(Font)                  U/euf/m/n --> U/euf/b/n on input line 96.
LaTeX Font Info:    Redeclaring math symbol \square on input line 128.
)
LaTeX Font Info:    Redeclaring math symbol \blacksquare on input line 43.
LaTeX Font Info:    Redeclaring math symbol \vDash on input line 55.
LaTeX Font Info:    Redeclaring math symbol \leftleftarrows on input line 58.
LaTeX Font Info:    Redeclaring math symbol \rightrightarrows on input line 59.

LaTeX Font Info:    Redeclaring math symbol \leqslant on input line 96.
LaTeX Font Info:    Redeclaring math symbol \geqslant on input line 103.
LaTeX Font Info:    Redeclaring math symbol \blacktriangleright on input line 1
15.
LaTeX Font Info:    Redeclaring math symbol \blacktriangleleft on input line 11
6.
LaTeX Font Info:    Redeclaring math symbol \complement on input line 160.
LaTeX Font Info:    Redeclaring math symbol \intercal on input line 161.
LaTeX Font Info:    Redeclaring math symbol \nleqslant on input line 176.
LaTeX Font Info:    Redeclaring math symbol \ngeqslant on input line 177.
LaTeX Font Info:    Redeclaring math symbol \varsubsetneq on input line 198.
LaTeX Font Info:    Redeclaring math symbol \subsetneqq on input line 202.
LaTeX Font Info:    Redeclaring math symbol \nparallel on input line 210.
LaTeX Font Info:    Redeclaring math symbol \nvDash on input line 216.
LaTeX Font Info:    Redeclaring math symbol \nexists on input line 230.
LaTeX Font Info:    Redeclaring math symbol \smallsetminus on input line 246.
LaTeX Font Info:    Redeclaring math symbol \curvearrowleft on input line 252.
LaTeX Font Info:    Redeclaring math symbol \curvearrowright on input line 253.

LaTeX Font Info:    Redeclaring math symbol \varkappa on input line 255.
LaTeX Font Info:    Redeclaring math symbol \hslash on input line 257.
)
(/usr/local/texlive/2011/texmf-dist/tex/latex/base/makeidx.sty
Package: makeidx 2000/03/29 v1.0m Standard LaTeX package
)
(/usr/local/texlive/2011/texmf-dist/tex/latex/fancybox/fancybox.sty
Package: fancybox 2010/05/15 1.4

Style option: `fancybox' v1.4 <2010/05/15> (tvz)
\@fancybox=\box28
\shadowsize=\dimen112
\@Sbox=\box29
\do@VerbBox=\toks22
\the@fancyput=\toks23
\this@fancyput=\toks24
\EndVerbatimTokens=\toks25
\Verbatim@Outfile=\write3
\Verbatim@Infile=\read1
) (/usr/local/texlive/2011/texmf-dist/tex/latex/fancyhdr/fancyhdr.sty
\fancy@headwidth=\skip46
\f@ncyO@elh=\skip47
\f@ncyO@erh=\skip48
\f@ncyO@olh=\skip49
\f@ncyO@orh=\skip50
\f@ncyO@elf=\skip51
\f@ncyO@erf=\skip52
\f@ncyO@olf=\skip53
\f@ncyO@orf=\skip54
)
(/usr/local/texlive/2011/texmf-dist/tex/generic/ulem/ulem.sty
\UL@box=\box30
\UL@hyphenbox=\box31
\UL@skip=\skip55
\UL@hook=\toks26
\UL@height=\dimen113
\UL@pe=\count99
\UL@pixel=\dimen114
\ULC@box=\box32
Package: ulem 2011/03/18
\ULdepth=\dimen115
)
(/usr/local/texlive/2011/texmf-dist/tex/latex/psnfss/pifont.sty
Package: pifont 2005/04/12 PSNFSS-v9.2a Pi font support (SPQR) 
LaTeX Font Info:    Try loading font information for U+pzd on input line 63.

(/usr/local/texlive/2011/texmf-dist/tex/latex/psnfss/upzd.fd
File: upzd.fd 2001/06/04 font definitions for U/pzd.
)
LaTeX Font Info:    Try loading font information for U+psy on input line 64.

(/usr/local/texlive/2011/texmf-dist/tex/latex/psnfss/upsy.fd
File: upsy.fd 2001/06/04 font definitions for U/psy.
))
(/usr/local/texlive/2011/texmf-dist/tex/latex/graphics/lscape.sty
Package: lscape 2000/10/22 v3.01 Landscape Pages (DPC)

(/usr/local/texlive/2011/texmf-dist/tex/latex/graphics/graphics.sty
Package: graphics 2009/02/05 v1.0o Standard LaTeX Graphics (DPC,SPQR)

(/usr/local/texlive/2011/texmf-dist/tex/latex/graphics/trig.sty
Package: trig 1999/03/16 v1.09 sin cos tan (DPC)
)
(/usr/local/texlive/2011/texmf-dist/tex/latex/latexconfig/graphics.cfg
File: graphics.cfg 2010/04/23 v1.9 graphics configuration of TeX Live
)
Package graphics Info: Driver file: dvips.def on input line 91.

(/usr/local/texlive/2011/texmf-dist/tex/latex/graphics/dvips.def
File: dvips.def 1999/02/16 v3.0i Driver-dependant file (DPC,SPQR)
)))
(/usr/local/texlive/2011/texmf-dist/tex/latex/multirow/multirow.sty
\bigstrutjot=\dimen116
)
(/usr/local/texlive/2011/texmf-dist/tex/latex/tools/multicol.sty
Package: multicol 2011/06/27 v1.7a multicolumn formatting (FMi)
\c@tracingmulticols=\count100
\mult@box=\box33
\multicol@leftmargin=\dimen117
\c@unbalance=\count101
\c@collectmore=\count102
\doublecol@number=\count103
\multicoltolerance=\count104
\multicolpretolerance=\count105
\full@width=\dimen118
\page@free=\dimen119
\premulticols=\dimen120
\postmulticols=\dimen121
\multicolsep=\skip56
\multicolbaselineskip=\skip57
\partial@page=\box34
\last@line=\box35
\mult@rightbox=\box36
\mult@grightbox=\box37
\mult@gfirstbox=\box38
\mult@firstbox=\box39
\@tempa=\box40
\@tempa=\box41
\@tempa=\box42
\@tempa=\box43
\@tempa=\box44
\@tempa=\box45
\@tempa=\box46
\@tempa=\box47
\@tempa=\box48
\@tempa=\box49
\@tempa=\box50
\@tempa=\box51
\@tempa=\box52
\@tempa=\box53
\@tempa=\box54
\@tempa=\box55
\@tempa=\box56
\c@columnbadness=\count106
\c@finalcolumnbadness=\count107
\last@try=\dimen122
\multicolovershoot=\dimen123
\multicolundershoot=\dimen124
\mult@nat@firstbox=\box57
\colbreak@box=\box58
\multicol@sort@counter=\count108
)
(/usr/local/texlive/2011/texmf-dist/tex/latex/geometry/geometry.sty
Package: geometry 2010/09/12 v5.6 Page Geometry

(/usr/local/texlive/2011/texmf-dist/tex/generic/oberdiek/ifpdf.sty
Package: ifpdf 2011/01/30 v2.3 Provides the ifpdf switch (HO)
Package ifpdf Info: pdfTeX in PDF mode is not detected.
)
(/usr/local/texlive/2011/texmf-dist/tex/generic/oberdiek/ifvtex.sty
Package: ifvtex 2010/03/01 v1.5 Switches for detecting VTeX and its modes (HO)
Package ifvtex Info: VTeX not detected.
)
(/usr/local/texlive/2011/texmf-dist/tex/generic/ifxetex/ifxetex.sty
Package: ifxetex 2010/09/12 v0.6 Provides ifxetex conditional
)
\Gm@cnth=\count109
\Gm@cntv=\count110
\c@Gm@tempcnt=\count111
\Gm@bindingoffset=\dimen125
\Gm@wd@mp=\dimen126
\Gm@odd@mp=\dimen127
\Gm@even@mp=\dimen128
\Gm@layoutwidth=\dimen129
\Gm@layoutheight=\dimen130
\Gm@layouthoffset=\dimen131
\Gm@layoutvoffset=\dimen132
\Gm@dimlist=\toks27
)
(/usr/local/texlive/2011/texmf-dist/tex/latex/tools/tabularx.sty
Package: tabularx 1999/01/07 v2.07 `tabularx' package (DPC)

(/usr/local/texlive/2011/texmf-dist/tex/latex/tools/array.sty
Package: array 2008/09/09 v2.4c Tabular extension package (FMi)
\col@sep=\dimen133
\extrarowheight=\dimen134
\NC@list=\toks28
\extratabsurround=\skip58
\backup@length=\skip59
)
\TX@col@width=\dimen135
\TX@old@table=\dimen136
\TX@old@col=\dimen137
\TX@target=\dimen138
\TX@delta=\dimen139
\TX@cols=\count112
\TX@ftn=\toks29
)
(/usr/local/texlive/2011/texmf-dist/tex/generic/babel/babel.sty
Package: babel 2008/07/08 v3.8m The Babel package

(/usr/local/texlive/2011/texmf-dist/tex/generic/babel/frenchb.ldf
Language: frenchb 2010/08/21 v2.5a French support from the babel system

(/usr/local/texlive/2011/texmf-dist/tex/generic/babel/babel.def
File: babel.def 2008/07/08 v3.8m Babel common definitions
\babel@savecnt=\count113
\U@D=\dimen140
)
Package babel Info: Making : an active character on input line 234.
Package babel Info: Making ; an active character on input line 235.
Package babel Info: Making ! an active character on input line 236.
Package babel Info: Making ? an active character on input line 237.
\FB@Mht=\dimen141
\std@mcc=\count114
\dec@mcc=\count115
\parindentFFN=\dimen142

*************************************
* Local config file frenchb.cfg used
*
(/usr/local/texlive/2011/texmf-dist/tex/generic/babel/frenchb.cfg)))
(/usr/local/texlive/2011/texmf-dist/tex/latex/carlisle/scalefnt.sty)
(/usr/local/texlive/2011/texmf-dist/tex/latex/numprint/numprint.sty
Package: numprint 2008/02/17 v1.38 Print numbers (HH)
\c@nprt@mantissa@digitsbefore=\count116
\c@nprt@mantissa@digitsafter=\count117
\c@nprt@exponent@digitsbefore=\count118
\c@nprt@exponent@digitsafter=\count119
\nprt@digitwidth=\skip60
\nprt@sepwidth=\skip61
\nprt@decimalwidth=\skip62
\nprt@blockwidth=\skip63
\nprt@digittoks=\toks30
\nprt@pretoks=\toks31
\nprt@posttoks=\toks32
\nprt@thisdigit=\count120
\nprt@curpos=\count121
\nprt@rndpos=\count122
\c@nprt@digitsfirstblock=\count123
\c@nprt@blockcnt=\count124
\c@nprt@cntprint=\count125

No configuration file `numprint.cfg' found.)
(/usr/local/texlive/2011/texmf-dist/tex/latex/pst-solides3d/pst-solides3d.sty
(/usr/local/texlive/2011/texmf-dist/tex/latex/pstricks/pstricks.sty
Package: pstricks 2011/10/31 v0.52 LaTeX wrapper for `PSTricks' (RN,HV)

(/usr/local/texlive/2011/texmf-dist/tex/generic/pstricks/pstricks.tex
(/usr/local/texlive/2011/texmf-dist/tex/generic/xkeyval/pst-xkey.tex
File: pst-xkey.tex 2005/11/25 v1.6 PSTricks specialization of xkeyval (HA)

(/usr/local/texlive/2011/texmf-dist/tex/latex/xkeyval/xkeyval.sty
Package: xkeyval 2008/08/13 v2.6a package option processing (HA)

(/usr/local/texlive/2011/texmf-dist/tex/generic/xkeyval/xkeyval.tex
\XKV@toks=\toks33
\XKV@tempa@toks=\toks34
\XKV@depth=\count126
File: xkeyval.tex 2008/08/13 v2.6a key=value parser (HA)
)))
(/usr/local/texlive/2011/texmf-dist/tex/generic/pstricks/pst-fp.tex
`pst-fp' v0.05, 2010/01/17 (hv)
\pstFP@xs=\count127
\pstFP@xia=\count128
\pstFP@xib=\count129
\pstFP@xfa=\count130
\pstFP@xfb=\count131
\pstFP@rega=\count132
\pstFP@regb=\count133
\pstFP@regs=\count134
\pstFP@times=\count135
)
\psLoopIndex=\count136

`PSTricks' v2.23  <2011/09/04> (tvz)
\pst@dima=\dimen143
\pst@dimb=\dimen144
\pst@dimc=\dimen145
\pst@dimd=\dimen146
\pst@dimg=\dimen147
\pst@dimh=\dimen148
\pst@dimm=\dimen149
\pst@dimn=\dimen150
\pst@dimo=\dimen151
\pst@dimp=\dimen152
\pst@hbox=\box59
\pst@ibox=\box60
\pst@boxg=\box61
\pst@cnta=\count137
\pst@cntb=\count138
\pst@cntc=\count139
\pst@cntd=\count140
\pst@cntg=\count141
\pst@cnth=\count142
\pst@cntm=\count143
\pst@cntn=\count144
\pst@cnto=\count145
\pst@cntp=\count146
\@zero=\count147
\pst@toks=\toks35
(/usr/local/texlive/2011/texmf-dist/tex/generic/pstricks/pstricks.con)
\psunit=\dimen153
\psxunit=\dimen154
\psyunit=\dimen155
\pst@C@@rType=\count148
\pslinewidth=\dimen156
\psk@startLW=\dimen157
\psk@endLW=\dimen158
\pst@customdefs=\toks36
\pslinearc=\dimen159
\pst@symbolStep=\dimen160
\pst@symbolWidth=\dimen161
\everypsbox=\toks37
\psframesep=\dimen162
\pslabelsep=\dimen163
\pst@shift=\dimen164
\theoverlaybox=\box62
)
File: pstricks.tex 2011/09/04 v2.23 `PSTricks' (tvz,hv)

(/usr/local/texlive/2011/texmf-dist/tex/generic/pstricks/pst-fp.tex)
File: pst-fp.tex 2011/09/04 v2.23 `PST-fp' (hv)

(/usr/local/texlive/2011/texmf-dist/tex/latex/xcolor/xcolor.sty
Package: xcolor 2007/01/21 v2.11 LaTeX color extensions (UK)

(/usr/local/texlive/2011/texmf-dist/tex/latex/latexconfig/color.cfg
File: color.cfg 2007/01/18 v1.5 color configuration of teTeX/TeXLive
)
Package xcolor Info: Driver file: dvips.def on input line 225.
Package xcolor Info: Model `cmy' substituted by `cmy0' on input line 1337.
Package xcolor Info: Model `RGB' extended on input line 1353.
Package xcolor Info: Model `HTML' substituted by `rgb' on input line 1355.
Package xcolor Info: Model `Hsb' substituted by `hsb' on input line 1356.
Package xcolor Info: Model `tHsb' substituted by `hsb' on input line 1357.
Package xcolor Info: Model `HSB' substituted by `hsb' on input line 1358.
Package xcolor Info: Model `Gray' substituted by `gray' on input line 1359.
Package xcolor Info: Model `wave' substituted by `hsb' on input line 1360.
))
Package: pst-solides3d 2009/07/25 package wrapper for pst-solides3d

(/usr/local/texlive/2011/texmf-dist/tex/generic/pst-solides3d/pst-solides3d.tex
(/usr/local/texlive/2011/texmf-dist/tex/generic/pst-node/pst-node.tex
 v1.21, 2011/11/21
\psrow=\count149
\pscol=\count150
\psmatrixcnt=\count151
\psrowsep=\skip64
\pscolsep=\skip65
\pst@args=\count152
\num@pts=\count153
\pst@argcnt=\count154
)
(/usr/local/texlive/2011/texmf-dist/tex/generic/multido/multido.tex
 v1.42, 2010/05/14 <tvz>
\multido@count=\count155
\multidocount=\count156
\multido@stuff=\toks38
) `PSTSOLIDESIIID' v4.23, 2010/09/22
\test@mode=\count157
)
File: pst-solides3d.tex 2010/09/22 v4.23 `PST-solides3D'
)
(/usr/local/texlive/2011/texmf-dist/tex/latex/pst-plot/pst-plot.sty
Package: pst-plot 2011/06/05 v1.00 LaTeX wrapper for `pst-plot' (HV)

(/usr/local/texlive/2011/texmf-dist/tex/latex/xkeyval/pst-xkey.sty
Package: pst-xkey 2005/11/25 v1.6 package wrapper for pst-xkey.tex (HA)
)
(/usr/local/texlive/2011/texmf-dist/tex/latex/multido/multido.sty
Package: multido 2004/05/17 package wrapper for PSTricks `multido.tex', (HV/RN)

)
Package: pst-plot 2011/04/13 package wrapper for pst-plot.tex (hv)

(/usr/local/texlive/2011/texmf-dist/tex/generic/pst-plot/pst-plot.tex
 v1.34, 2011/11/07 (tvz,hv)
\pstRadUnit=\dimen165
\pstRadUnitInv=\dimen166
\pst@linecnt=\count158
\psxlabelsep=\dimen167
\psylabelsep=\dimen168
\psk@subticksize=\dimen169
\pst@xticksizeA=\dimen170
\pst@xticksizeB=\dimen171
\pst@xticksizeC=\dimen172
\pst@yticksizeA=\dimen173
\pst@yticksizeB=\dimen174
\pst@yticksizeC=\dimen175
\@digitcounter=\count159
\psk@llx=\dimen176
\psk@lly=\dimen177
\psk@urx=\dimen178
\psk@ury=\dimen179
\pst@xunit=\dimen180
\pst@yunit=\dimen181
)
File: pst-plot.tex 2011/11/07 1.34 `pst-plot' (tvz,hv)
)
(/usr/local/texlive/2011/texmf-dist/tex/latex/pst-text/pst-text.sty
Package: pst-text 2006/01/01 package wrapper for pst-text.tex (hv)

(/usr/local/texlive/2011/texmf-dist/tex/generic/pst-text/pst-text.tex
 v1.00, 2006/11/05(tvz,hv))
File: pst-text.tex 2006/11/05 1.00 `pst-text' (tvz)
)
(/usr/local/texlive/2011/texmf-dist/tex/latex/pst-tree/pst-tree.sty
Package: pst-tree 2009/01/25 package wrapper for pst-tree.tex

(/usr/local/texlive/2011/texmf-dist/tex/generic/pst-tree/pst-tree.tex
 v1.12, 2011/02/28(tvz,dg,hv)
\pstree@rootbox=\box63
\pstree@box=\box64
\psnodecnt=\count160
\pstreelevel=\count161
\pstreecnt=\count162
\pstree@cnt=\count163
\pstree@stop=\count164
)
File: pst-tree.tex 2011/02/28 1.12 `pst-tree' (tvz,hv)
)
(/usr/local/texlive/2011/texmf-dist/tex/latex/pstricks-add/pstricks-add.sty
(/usr/local/texlive/2011/texmf-dist/tex/latex/pst-node/pst-node.sty
Package: pst-node 2011/06/05 v1.00 LaTeX wrapper for `pst-node' (HV)
Package: pst-node 2010/04/22 package wrapper for pst-node.tex

(/usr/local/texlive/2011/texmf-dist/tex/generic/pst-node/pst-node.tex)
File: pst-node.tex 2011/02/28 1.12 `pst-node' (tvz)
)
(/usr/local/texlive/2011/texmf-dist/tex/latex/pst-3d/pst-3d.sty
Package: pst-3d 2009/07/28 package wrapper for pst-3d.tex (hv)

(/usr/local/texlive/2011/texmf-dist/tex/generic/pst-3d/pst-3d.tex
`PST-3d' v1.11, 2010/02/14 (tvz))
File: pst-3d.tex 2010/02/14 v1.11 `PST-3d' (hv)
)
(/usr/local/texlive/2011/texmf-dist/tex/latex/pst-math/pst-math.sty
Package: pst-math 2009/01/20 package wrapper for PSTricks pst-math.tex

(/usr/local/texlive/2011/texmf-dist/tex/generic/pst-math/pst-math.tex
`pst-math' v0.62 , (CJ,hv))
File: pst-math.tex 2010/10/20 v0.62 `PST-math' (hv)
)
Package: pstricks-add 2010/02/11 v. 0.14 package wrapper for pstricks-add.tex (
hv)

(/usr/local/texlive/2011/texmf-dist/tex/generic/pstricks-add/pstricks-add.tex
`pstricks-add' v3.55, 2011/12/11 (dr,hv)
\pshooklength=\dimen182
\pshookwidth=\dimen183
\pst@cntC=\count165
\chart@ColorIndex=\dimen184
\chart@ColorStep=\dimen185
\pst@chartHeight=\dimen186
\pst@chartStackDepth=\dimen187
\pst@chartStackWidth=\dimen188
\chart@Toggle=\count166
\psVectorCtr=\count167
)
File: pstricks-add.tex 2011/12/11 v3.55 `PSTricks-add' (hv)
)
\c@prop=\count168
\c@theo=\count169
\c@ex=\count170
\c@exo=\count171
\c@res=\count172
\c@meth=\count173

(/usr/local/texlive/2011/texmf-dist/tex/latex/l3packages/xparse/xparse.sty
(/usr/local/texlive/2011/texmf-dist/tex/latex/l3kernel/expl3.sty
(/usr/local/texlive/2011/texmf-dist/tex/latex/l3kernel/l3names.sty
(/usr/local/texlive/2011/texmf-dist/tex/latex/l3kernel/l3bootstrap.sty
Package: l3bootstrap 2011/12/29 v3110 L3 Experimental bootstrap code
)
Package: l3names 2011/12/30 v3113 L3 Experimental namespace for primitives
)
(/usr/local/texlive/2011/texmf-dist/tex/latex/etex-pkg/etex.sty
Package: etex 1998/03/26 v2.0 eTeX basic definition package (PEB)
\et@xins=\count174
)
Package: expl3 2012/02/07 v3331 L3 Experimental code bundle wrapper

(/usr/local/texlive/2011/texmf-dist/tex/latex/l3kernel/l3basics.sty
Package: l3basics 2012/02/06 v3317 L3 Experimental basic definitions
)
(/usr/local/texlive/2011/texmf-dist/tex/latex/l3kernel/l3expan.sty
Package: l3expan 2012/01/15 v3196 L3 Experimental argument expansion
)
(/usr/local/texlive/2011/texmf-dist/tex/latex/l3kernel/l3tl.sty
Package: l3tl 2012/02/06 v3316 L3 Experimental token lists
)
(/usr/local/texlive/2011/texmf-dist/tex/latex/l3kernel/l3seq.sty
Package: l3seq 2012/01/09 v3158 L3 Experimental sequences and stacks
)
(/usr/local/texlive/2011/texmf-dist/tex/latex/l3kernel/l3int.sty
Package: l3int 2012/02/06 v3315 L3 Experimental integers
\c_max_int=\count175
\l_tmpa_int=\count176
\l_tmpb_int=\count177
\l_tmpc_int=\count178
\g_tmpa_int=\count179
\g_tmpb_int=\count180
)
(/usr/local/texlive/2011/texmf-dist/tex/latex/l3kernel/l3quark.sty
Package: l3quark 2012/01/08 v3148 L3 Experimental quarks
)
(/usr/local/texlive/2011/texmf-dist/tex/latex/l3kernel/l3prg.sty
Package: l3prg 2012/02/06 v3317 L3 Experimental control structures
\g_prg_map_int=\count181
)
(/usr/local/texlive/2011/texmf-dist/tex/latex/l3kernel/l3clist.sty
Package: l3clist 2012/01/09 v3157 L3 Experimental comma separated lists
)
(/usr/local/texlive/2011/texmf-dist/tex/latex/l3kernel/l3token.sty
Package: l3token 2012/02/06 v3316 L3 Experimental token manipulation
)
(/usr/local/texlive/2011/texmf-dist/tex/latex/l3kernel/l3prop.sty
Package: l3prop 2012/01/09 v3158 L3 Experimental property lists
)
(/usr/local/texlive/2011/texmf-dist/tex/latex/l3kernel/l3msg.sty
Package: l3msg 2012/02/06 v3316 L3 Experimental messages
)
(/usr/local/texlive/2011/texmf-dist/tex/latex/l3kernel/l3io.sty
Package: l3io 2012/01/28 v3245 L3 Experimental input-output operations
\l_iow_stream_int=\count182
\l_iow_line_length_int=\count183
\l_iow_target_length_int=\count184
\l_iow_current_line_int=\count185
\l_iow_current_word_int=\count186
\l_iow_current_indentation_int=\count187
)
(/usr/local/texlive/2011/texmf-dist/tex/latex/l3kernel/l3file.sty
Package: l3file 2012/01/31 v3287 L3 Experimental file operations
)
(/usr/local/texlive/2011/texmf-dist/tex/latex/l3kernel/l3skip.sty
Package: l3skip 2012/02/06 v3313 L3 Experimental dimensions and skips
\l_tmpa_dim=\dimen189
\l_tmpb_dim=\dimen190
\l_tmpc_dim=\dimen191
\g_tmpa_dim=\dimen192
\g_tmpb_dim=\dimen193
\l_tmpa_skip=\skip66
\l_tmpb_skip=\skip67
\l_tmpc_skip=\skip68
\g_tmpa_skip=\skip69
\g_tmpb_skip=\skip70
)
(/usr/local/texlive/2011/texmf-dist/tex/latex/l3kernel/l3keys.sty
Package: l3keys 2011/12/22 v3086 L3 Experimental key-value interfaces
\g_keyval_level_int=\count188
\l_keys_choice_int=\count189
)
(/usr/local/texlive/2011/texmf-dist/tex/latex/l3kernel/l3fp.sty
Package: l3fp 2012/02/06 v3315 L3 Experimental floating-point operations
\c_one_million=\count190
\c_one_hundred_million=\count191
\c_five_hundred_million=\count192
\c_one_thousand_million=\count193
\c_fp_pi_by_four_decimal_int=\count194
\c_fp_pi_by_four_extended_int=\count195
\c_fp_pi_decimal_int=\count196
\c_fp_pi_extended_int=\count197
\c_fp_two_pi_decimal_int=\count198
\c_fp_two_pi_extended_int=\count199
\l_fp_count_int=\count200
\l_fp_div_offset_int=\count201
Normal \count register pool exhausted, switching to extended pool.
\l_fp_exp_integer_int=\count277
\l_fp_exp_decimal_int=\count278
\l_fp_exp_extended_int=\count279
\l_fp_exp_exponent_int=\count280
\l_fp_input_a_sign_int=\count281
\l_fp_input_a_integer_int=\count282
\l_fp_input_a_decimal_int=\count283
\l_fp_input_a_exponent_int=\count284
\l_fp_input_b_sign_int=\count285
\l_fp_input_b_integer_int=\count286
\l_fp_input_b_decimal_int=\count287
\l_fp_input_b_exponent_int=\count288
\l_fp_input_a_extended_int=\count289
\l_fp_input_b_extended_int=\count290
\l_fp_mul_a_i_int=\count291
\l_fp_mul_a_ii_int=\count292
\l_fp_mul_a_iii_int=\count293
\l_fp_mul_a_iv_int=\count294
\l_fp_mul_a_v_int=\count295
\l_fp_mul_a_vi_int=\count296
\l_fp_mul_b_i_int=\count297
\l_fp_mul_b_ii_int=\count298
\l_fp_mul_b_iii_int=\count299
\l_fp_mul_b_iv_int=\count300
\l_fp_mul_b_v_int=\count301
\l_fp_mul_b_vi_int=\count302
\l_fp_mul_output_int=\count303
\l_fp_output_sign_int=\count304
\l_fp_output_integer_int=\count305
\l_fp_output_decimal_int=\count306
\l_fp_output_exponent_int=\count307
\l_fp_output_extended_int=\count308
\l_fp_round_position_int=\count309
\l_fp_round_target_int=\count310
\l_fp_split_sign_int=\count311
\l_fp_internal_int=\count312
\l_fp_trig_octant_int=\count313
\l_fp_trig_sign_int=\count314
\l_fp_trig_decimal_int=\count315
\l_fp_trig_extended_int=\count316
\l_fp_internal_dim=\dimen194
\l_fp_internal_skip=\skip71
)
(/usr/local/texlive/2011/texmf-dist/tex/latex/l3kernel/l3box.sty
Package: l3box 2012/01/09 v3158 L3 Experimental boxes
\l_tmpb_box=\box65
\l_box_top_dim=\dimen195
\l_box_bottom_dim=\dimen196
\l_box_left_dim=\dimen197
\l_box_right_dim=\dimen198
\l_box_top_new_dim=\dimen199
\l_box_bottom_new_dim=\dimen200
\l_box_left_new_dim=\dimen201
Normal \dimen register pool exhausted, switching to extended pool.
\l_box_right_new_dim=\dimen256
\l_box_internal_box=\box66
)
(/usr/local/texlive/2011/texmf-dist/tex/latex/l3kernel/l3coffins.sty
Package: l3coffins 2012/01/08 v3155 L3 Experimental coffin code layer
\l_coffin_internal_box=\box67
\l_coffin_internal_dim=\dimen257
\l_coffin_offset_x_dim=\dimen258
\l_coffin_offset_y_dim=\dimen259
\l_coffin_x_dim=\dimen260
\l_coffin_y_dim=\dimen261
\l_coffin_x_prime_dim=\dimen262
\l_coffin_y_prime_dim=\dimen263
\l_coffin_Depth_dim=\dimen264
\l_coffin_Height_dim=\dimen265
\l_coffin_TotalHeight_dim=\dimen266
\l_coffin_Width_dim=\dimen267
\c_empty_coffin=\box68
\l_coffin_aligned_coffin=\box69
\l_coffin_aligned_internal_coffin=\box70
\l_coffin_bounding_shift_dim=\dimen268
\l_coffin_left_corner_dim=\dimen269
\l_coffin_right_corner_dim=\dimen270
\l_coffin_bottom_corner_dim=\dimen271
\l_coffin_top_corner_dim=\dimen272
\l_coffin_scaled_total_height_dim=\dimen273
\l_coffin_scaled_width_dim=\dimen274
\l_coffin_display_coffin=\box71
\l_coffin_display_coord_coffin=\box72
\l_coffin_display_pole_coffin=\box73
\l_coffin_display_offset_dim=\dimen275
\l_coffin_display_x_dim=\dimen276
\l_coffin_display_y_dim=\dimen277
)
(/usr/local/texlive/2011/texmf-dist/tex/latex/l3kernel/l3color.sty
Package: l3color 2011/09/07 v2776 L3 Experimental colour support
)
(/usr/local/texlive/2011/texmf-dist/tex/latex/l3kernel/l3luatex.sty
Package: l3luatex 2012/01/09 v3158 L3 Experimental LuaTeX-specific functions
\g_cctab_allocate_int=\count317
\g_cctab_stack_int=\count318
))
Package: xparse 2012/02/07 v3330 L3 Experimental document command parser
\l_xparse_current_arg_int=\count319
\l_xparse_m_args_int=\count320
\l_xparse_mandatory_args_int=\count321
\l_xparse_processor_int=\count322
\l_xparse_v_nesting_int=\count323
)
.................................................
. LaTeX info: "xparse/define-command"
. 
. Defining document command \coord with arg. spec. 'sO{}m' on line 105.
.................................................

(/Users/fred/depotsGithub/G3DM64/./20121112geomanalytique2.aux)
\openout1 = `20121112geomanalytique2.aux'.

LaTeX Font Info:    Checking defaults for OML/cmm/m/it on input line 134.
LaTeX Font Info:    ... okay on input line 134.
LaTeX Font Info:    Checking defaults for T1/cmr/m/n on input line 134.
LaTeX Font Info:    ... okay on input line 134.
LaTeX Font Info:    Checking defaults for OT1/cmr/m/n on input line 134.
LaTeX Font Info:    ... okay on input line 134.
LaTeX Font Info:    Checking defaults for OMS/cmsy/m/n on input line 134.
LaTeX Font Info:    ... okay on input line 134.
LaTeX Font Info:    Checking defaults for OMX/cmex/m/n on input line 134.
LaTeX Font Info:    ... okay on input line 134.
LaTeX Font Info:    Checking defaults for U/cmr/m/n on input line 134.
LaTeX Font Info:    ... okay on input line 134.
LaTeX Font Info:    Checking defaults for FML/futm/m/it on input line 134.
LaTeX Font Info:    Try loading font information for FML+futm on input line 134
.

(/usr/local/texlive/2011/texmf-dist/tex/latex/fourier/fmlfutm.fd
File: fmlfutm.fd 2004/10/30 Fontinst v1.926 font definitions for FML/futm.
)
LaTeX Font Info:    ... okay on input line 134.
LaTeX Font Info:    Checking defaults for FMS/futm/m/n on input line 134.
LaTeX Font Info:    Try loading font information for FMS+futm on input line 134
.

(/usr/local/texlive/2011/texmf-dist/tex/latex/fourier/fmsfutm.fd
File: fmsfutm.fd 2004/10/30 Fontinst v1.926 font definitions for FMS/futm.
)
LaTeX Font Info:    ... okay on input line 134.
LaTeX Font Info:    Checking defaults for FMX/futm/m/n on input line 134.
LaTeX Font Info:    Try loading font information for FMX+futm on input line 134
.

(/usr/local/texlive/2011/texmf-dist/tex/latex/fourier/fmxfutm.fd
File: fmxfutm.fd futm-extension
)
LaTeX Font Info:    ... okay on input line 134.
LaTeX Font Info:    Checking defaults for TS1/cmr/m/n on input line 134.
LaTeX Font Info:    Try loading font information for TS1+cmr on input line 134.


(/usr/local/texlive/2011/texmf-dist/tex/latex/base/ts1cmr.fd
File: ts1cmr.fd 1999/05/25 v2.5h Standard LaTeX font definitions
)
LaTeX Font Info:    ... okay on input line 134.
LaTeX Font Info:    Try loading font information for T1+futs on input line 134.


(/usr/local/texlive/2011/texmf-dist/tex/latex/fourier/t1futs.fd
File: t1futs.fd 2004/03/02 Fontinst v1.926 font definitions for T1/futs.
)
*geometry* driver: auto-detecting
*geometry* detected driver: dvips
*geometry* verbose mode - [ preamble ] result:
* driver: dvips
* paper: a4paper
* layout: <same size as paper>
* layoutoffset:(h,v)=(0.0pt,0.0pt)
* modes: 
* h-part:(L,W,R)=(56.9055pt, 483.69687pt, 56.9055pt)
* v-part:(T,H,B)=(56.9055pt, 731.23584pt, 56.9055pt)
* \paperwidth=597.50787pt
* \paperheight=845.04684pt
* \textwidth=483.69687pt
* \textheight=731.23584pt
* \oddsidemargin=-15.36449pt
* \evensidemargin=-15.36449pt
* \topmargin=-52.36449pt
* \headheight=12.0pt
* \headsep=25.0pt
* \topskip=12.0pt
* \footskip=30.0pt
* \marginparwidth=35.0pt
* \marginparsep=10.0pt
* \columnsep=10.0pt
* \skip\footins=10.8pt plus 4.0pt minus 2.0pt
* \hoffset=0.0pt
* \voffset=0.0pt
* \mag=1000
* \@twocolumnfalse
* \@twosidefalse
* \@mparswitchfalse
* \@reversemarginfalse
* (1in=72.27pt=25.4mm, 1cm=28.453pt)

LaTeX Info: Redefining \degres on input line 134.
LaTeX Info: Redefining \dots on input line 134.
LaTeX Info: Redefining \up on input line 134.
LaTeX Font Info:    Font shape `T1/futs/bx/n' in size <17.28> not available
(Font)              Font shape `T1/futs/b/n' tried instead on input line 144.
LaTeX Font Info:    Try loading font information for U+futs on input line 144.
(/usr/local/texlive/2011/texmf-dist/tex/latex/fourier/ufuts.fd
File: ufuts.fd 2004/03/26 Fontinst v1.926 font definitions for U/futs.
)
LaTeX Font Info:    Font shape `U/futs/bx/n' in size <17.28> not available
(Font)              Font shape `U/futs/b/n' tried instead on input line 144.
LaTeX Font Info:    Try loading font information for FML+futmi on input line 14
4.

(/usr/local/texlive/2011/texmf-dist/tex/latex/fourier/fmlfutmi.fd
File: fmlfutmi.fd 2004/10/30 Fontinst v1.926 font definitions for FML/futmi.
)
LaTeX Font Info:    Font shape `FMX/futm/m/n' will be
(Font)              scaled to size 15.89755pt on input line 144.
LaTeX Font Info:    Font shape `FMX/futm/m/n' will be
(Font)              scaled to size 11.03998pt on input line 144.
LaTeX Font Info:    Font shape `FMX/futm/m/n' will be
(Font)              scaled to size 8.27998pt on input line 144.
LaTeX Font Info:    Font shape `U/futm/m/n' will be
(Font)              scaled to size 15.89755pt on input line 144.
LaTeX Font Info:    Font shape `U/futm/m/n' will be
(Font)              scaled to size 11.03998pt on input line 144.
LaTeX Font Info:    Font shape `U/futm/m/n' will be
(Font)              scaled to size 8.27998pt on input line 144.
LaTeX Font Info:    Try loading font information for U+msa on input line 144.

(/usr/local/texlive/2011/texmf-dist/tex/latex/amsfonts/umsa.fd
File: umsa.fd 2009/06/22 v3.00 AMS symbols A
)
LaTeX Font Info:    Try loading font information for U+msb on input line 144.

(/usr/local/texlive/2011/texmf-dist/tex/latex/amsfonts/umsb.fd
File: umsb.fd 2009/06/22 v3.00 AMS symbols B
)
LaTeX Font Info:    Font shape `T1/futs/bx/n' in size <12> not available
(Font)              Font shape `T1/futs/b/n' tried instead on input line 157.
LaTeX Font Info:    Font shape `FMX/futm/m/n' will be
(Font)              scaled to size 6.43999pt on input line 176.
LaTeX Font Info:    Font shape `U/futm/m/n' will be
(Font)              scaled to size 6.43999pt on input line 176.
LaTeX Font Info:    Calculating math sizes for size <7.11742> on input line 252
.
LaTeX Font Info:    Font shape `FMX/futm/m/n' will be
(Font)              scaled to size 6.548pt on input line 252.
LaTeX Font Info:    Font shape `FMX/futm/m/n' will be
(Font)              scaled to size 4.97644pt on input line 252.
LaTeX Font Info:    Font shape `FMX/futm/m/n' will be
(Font)              scaled to size 3.92883pt on input line 252.
LaTeX Font Info:    Font shape `U/futm/m/n' will be
(Font)              scaled to size 6.548pt on input line 252.
LaTeX Font Info:    Font shape `U/futm/m/n' will be
(Font)              scaled to size 4.97644pt on input line 252.
LaTeX Font Info:    Font shape `U/futm/m/n' will be
(Font)              scaled to size 3.92883pt on input line 252.


Package Fancyhdr Warning: \headheight is too small (12.0pt): 
 Make it at least 13.59999pt.
 We now make it that large for the rest of the document.
 This may cause the page layout to be inconsistent, however.

[1

] (/Users/fred/depotsGithub/G3DM64/./20121112geomanalytique2.aux) ) 
Here is how much of TeX's memory you used:
 13537 strings out of 493630
 214902 string characters out of 3143346
 369397 words of memory out of 3000000
 16560 multiletter control sequences out of 15000+200000
 75420 words of font info for 80 fonts, out of 3000000 for 9000
 831 hyphenation exceptions out of 8191
 43i,15n,51p,616b,422s stack positions out of 5000i,500n,10000p,200000b,50000s

Output written on /Users/fred/depotsGithub/G3DM64/./20121112geomanalytique2.dvi
 (1 page, 38612 bytes).
